<?xml version="1.0" encoding="UTF-8"?>
<testsuite xmlns:xsi="http://www.w3.org/2001/XMLSchema-instance" xsi:noNamespaceSchemaLocation="https://maven.apache.org/surefire/maven-surefire-plugin/xsd/surefire-test-report-3.0.xsd" version="3.0" name="com.example.ctsjindex.CtsjIndexApplicationTests" time="4.26" tests="1" errors="0" skipped="0" failures="0">
  <properties>
[...]
</properties>
  <testcase name="contextLoads" classname="com.example.ctsjindex.CtsjIndexApplicationTests" time="1.288">
    <system-out><![CDATA[16:05:07.366 [main] INFO org.springframework.test.context.support.AnnotationConfigContextLoaderUtils -- Could not detect default configuration classes for test class [com.example.ctsjindex.CtsjIndexApplicationTests]: CtsjIndexApplicationTests does not declare any static, non-private, non-final, nested classes annotated with @Configuration.
16:05:07.520 [main] INFO org.springframework.boot.test.context.SpringBootTestContextBootstrapper -- Found @SpringBootConfiguration com.example.ctsjindex.CtsjIndexApplication for test class com.example.ctsjindex.CtsjIndexApplicationTests
16:05:07.769 [main] INFO org.springframework.boot.devtools.restart.RestartApplicationListener -- Restart disabled due to context in which it is running
  .   ____          _            __ _ _
 /\\ / ___'_ __ _ _(_)_ __  __ _ \ \ \ \
( ( )\___ | '_ | '_| | '_ \/ _` | \ \ \ \
 \\/  ___)| |_)| | | | | || (_| |  ) ) ) )
  '  |____| .__|_| |_|_| |_\__, | / / / /
 =========|_|==============|___/=/_/_/_/

 :: Spring Boot ::                (v3.3.0)

2024-06-01T16:05:08.314+08:00  INFO 11284 --- [ctsj-index] [           main] c.e.ctsjindex.CtsjIndexApplicationTests  : Starting CtsjIndexApplicationTests using Java 17.0.7 with PID 11284 (started by tang12345678 in D:\Gitproject\mygitee\ctsj-community\ctsj-index)
2024-06-01T16:05:08.316+08:00  INFO 11284 --- [ctsj-index] [           main] c.e.ctsjindex.CtsjIndexApplicationTests  : No active profile set, falling back to 1 default profile: "default"
2024-06-01T16:05:10.015+08:00  INFO 11284 --- [ctsj-index] [           main] c.e.ctsjindex.CtsjIndexApplicationTests  : Started CtsjIndexApplicationTests in 2.266 seconds (process running for 4.049)
]]></system-out>
  </testcase>
</testsuite>